2025-04-20T10:36:59.187Z - INFO - Запуск браузера Puppeteer
2025-04-20T10:36:59.657Z - INFO - Новая страница создана
2025-04-20T10:36:59.659Z - INFO - User-Agent установлен
2025-04-20T10:36:59.660Z - INFO - Проверка наличия файла cookies: C:\Users\Mane\Desktop\Python\dash_freelance_monitor\parsers\guru_cookies.json
2025-04-20T10:36:59.661Z - WARN - Файл guru_cookies.json не найден, требуется ручная авторизация
2025-04-20T10:37:04.550Z - INFO - Имитация человеческого поведения: случайные движения мыши и прокрутка
2025-04-20T10:37:04.557Z - INFO - Задержка после движения мыши
2025-04-20T10:37:05.062Z - INFO - Задержка после прокрутки
2025-04-20T10:41:15.778Z - INFO - Cookies сохранены в guru_cookies.json
2025-04-20T10:41:15.779Z - INFO - Переход на страницу поиска: https://www.guru.com/work/
2025-04-20T10:41:17.420Z - INFO - Страница поиска успешно загружена
2025-04-20T10:41:17.421Z - INFO - Имитация человеческого поведения: случайные движения мыши и прокрутка
2025-04-20T10:41:17.445Z - INFO - Задержка после движения мыши
2025-04-20T10:41:17.984Z - INFO - Задержка после прокрутки
2025-04-20T10:41:18.990Z - INFO - Ожидание 2 минут для полной загрузки страницы поиска
2025-04-20T10:43:18.992Z - INFO - Поиск ссылок на вакансии
2025-04-20T10:43:19.056Z - INFO - Попытка 1 поиска ссылок на вакансии
2025-04-20T10:43:19.088Z - INFO - Найдено 3 ссылок на вакансии
2025-04-20T10:43:19.088Z - INFO - Переход на страницу вакансии: https://www.guru.com/work/detail/2104802
2025-04-20T10:43:19.801Z - INFO - Имитация человеческого поведения: случайные движения мыши и прокрутка
2025-04-20T10:43:24.816Z - INFO - Задержка после движения мыши
2025-04-20T10:43:25.324Z - INFO - Задержка после прокрутки
2025-04-20T10:43:26.327Z - INFO - Ожидание 60 секунд для загрузки карточки вакансии
2025-04-20T10:44:26.332Z - INFO - Парсинг данных вакансии
2025-04-20T10:44:26.438Z - INFO - Парсинг бюджета из текста: Fixed Price | $250-$500
2025-04-20T10:44:26.439Z - INFO - Результат парсинга бюджета: $250
2025-04-20T10:44:26.439Z - INFO - Вакансия подходит: Marketing & Support specialist, бюджет: Fixed Price | $250-$500
2025-04-20T10:44:26.439Z - INFO - Переход на страницу вакансии: https://www.guru.com/work/detail/2104803
2025-04-20T10:44:27.185Z - INFO - Имитация человеческого поведения: случайные движения мыши и прокрутка
2025-04-20T10:44:27.205Z - INFO - Задержка после движения мыши
2025-04-20T10:44:27.723Z - INFO - Задержка после прокрутки
2025-04-20T10:44:28.728Z - INFO - Ожидание 60 секунд для загрузки карточки вакансии
2025-04-20T10:45:28.744Z - INFO - Парсинг данных вакансии
2025-04-20T10:45:28.936Z - INFO - Парсинг бюджета из текста: Hourly | $20 - $40 | 10-30 hrs/wk | 6+ months
2025-04-20T10:45:28.936Z - INFO - Результат парсинга бюджета: $20
2025-04-20T10:45:28.936Z - INFO - Вакансия пропущена: $20 < $100
2025-04-20T10:45:28.936Z - INFO - Переход на страницу вакансии: https://www.guru.com/work/detail/2104804
2025-04-20T10:45:29.507Z - INFO - Имитация человеческого поведения: случайные движения мыши и прокрутка
2025-04-20T10:45:29.530Z - INFO - Задержка после движения мыши
2025-04-20T10:45:30.042Z - INFO - Задержка после прокрутки
2025-04-20T10:45:31.046Z - INFO - Ожидание 60 секунд для загрузки карточки вакансии
2025-04-20T10:46:31.059Z - INFO - Парсинг данных вакансии
2025-04-20T10:46:31.170Z - INFO - Парсинг бюджета из текста: Fixed Price | Under $250
2025-04-20T10:46:31.170Z - INFO - Результат парсинга бюджета: $250
2025-04-20T10:46:31.170Z - INFO - Вакансия подходит: Make AI Song from my comedy Lyrics, бюджет: Fixed Price | Under $250
2025-04-20T10:46:31.170Z - INFO - Сохранение результатов в C:\Users\Mane\Desktop\Python\dash_freelance_monitor\results\guru.json
2025-04-20T10:46:31.171Z - INFO - Результаты сохранены в results/guru.json
2025-04-20T10:46:31.172Z - INFO - Вывод результатов: [{"title":"Guru: Marketing & Support specialist","budget":"Fixed Price | $250-$500","description":"About the Role\n\nAre you a creative digital marketer who also thrives on solving problems in real time? We are looking for a Marketing & Technical Support Specialist to join our growing team in a fast-paced, remote-first company that values speed, creativity, and results.\n\nIn this full-time role, you will lead content and performance marketing across social media, email, and paid channels—while remaining responsive during support windows to deliver exceptional live chat assistance. You will be a key player in launching new websites and campaigns, working in the dating, alcohol, and entertainment sectors.\n\nPlease ensure you are comfortable working in these industries before applying, as they are a core focus of our business and brand identity.\n\nYou will have the option to work a 4 or 5-day week, depending on what works best for you and the team—totaling approximately 45 hours per week.\n\nKey Responsibilities\n\nMarketing (80%)\n\nSocial Media and Content Creation\n\nCreate, warm up, and maintain multiple branded and niche social media accounts\n\nManage and grow presence on Instagram, LinkedIn, Facebook, X, and TikTok\n\nPlan, write, schedule, and analyze posts\n\nBuild community through real-time engagement\n\nUse tools like FB Socialiser, Canva, and trend insights to strengthen brand voice\n\nEmail Marketing\n\nLaunch and optimize campaigns with HubSpot\n\nSegment audiences, create automation flows, and boost engagement\n\nTrack key metrics and iterate for continuous improvement\n\nPaid Advertising\n\nSet up, run, and optimize Google Ads and Meta Ads\n\nAlign ad strategy with campaign goals and launches\n\nTrack ROI and performance, and report results to leadership\n\nStrategy and Coordination\n\nCollaborate with leadership to shape marketing direction\n\nHelp build and refine scalable systems and automations\n\nProvide reports that drive decision-making\n\nCustomer Support (20%)\n\nBe on-call and respond to live chat within 1 minute during your support shift\n\nUse HubSpot and TeamViewer to guide and support users (full training provided)\n\nEscalate issues when needed and ensure resolutions are followed through\n\nHelp maintain internal documentation, FAQs, and support templates\n\nWhat We Are Looking For\n\n1 to 3 years in digital marketing (social, email, or paid)\n\nProven ability to create, warm up, and maintain multiple social media accounts\n\nExcellent English writing and communication\n\nAbility to balance creative work with structured processes\n\nProactive, self-starting mindset and willingness to learn\n\nComfortable working independently and remotely\n\nMust be comfortable working in the dating, alcohol, and entertainment sectors\n\nPreferred but not required\n\nExperience with HubSpot, Canva, Google Ads, Meta Business Suite, or TeamViewer\n\nBackground in fast-paced industries or agency settings\n\nWhat We Offer\n\nFull-time role with a 4 or 5-day workweek\n\nFlexible hours between 10:00–22:00 CET\n\n\n\n\nSalary $500 per month + Performance-based commissions up to $1,000 per month \n\nFull training on all systems, tools, and support processes\n\nRemote-first culture and potential for growth into senior roles\n\nCreative freedom and ownership from day one\n\nA chance to thrive in the dating, alcohol, and entertainment industries\n\nHow to Apply\n\nTo apply, please send:\n\nYour CV or LinkedIn profile\n\nLinks to campaigns, social media accounts, or email work you have created\n\nA short portfolio or summary of your marketing and content work (freelance, in-house, or personal)\n\nA brief statement explaining:\n\nWhy this role excites you\n\nWhat you bring to the team\n\nWhy you are the standout candidate for this opportunity\n\nWe are building something exciting and we want the best people to build it with us.","link":"https://www.guru.com/work/detail/2104802"},{"title":"Guru: Make AI Song from my comedy Lyrics","budget":"Fixed Price | Under $250","description":"I'm looking for someone to add AI generated music and voice to my comedy Lyrics. I dabbled with some of the AI song apps for this, but want it to sound more professional. It only has to be concept quality at this point, but would prefer some with experience.","link":"https://www.guru.com/work/detail/2104804"}]
2025-04-20T10:46:31.172Z - INFO - Закрытие браузера
2025-04-20T10:47:23.810Z - INFO - Запуск браузера Puppeteer
2025-04-20T10:47:24.254Z - INFO - Новая страница создана
2025-04-20T10:47:24.255Z - INFO - User-Agent установлен
2025-04-20T10:47:24.256Z - INFO - Начало процесса авторизации на Upwork
2025-04-20T10:47:36.572Z - INFO - Страница логина загружена
2025-04-20T10:47:36.573Z - INFO - Имитация человеческого поведения: случайные движения мыши и прокрутка
2025-04-20T10:47:36.908Z - INFO - Задержка после движения мыши
2025-04-20T10:47:37.434Z - INFO - Задержка после прокрутки
2025-04-20T10:47:38.469Z - INFO - Ввод логина
2025-04-20T10:47:40.992Z - ERROR - Ошибка в процессе авторизации: Node is either not clickable or not an Element
2025-04-20T10:47:40.992Z - ERROR - Не удалось войти в Upwork
2025-04-20T10:47:40.993Z - INFO - Закрытие браузера
2025-04-20T10:50:24.465Z - INFO - Запуск браузера Puppeteer
2025-04-20T10:50:25.090Z - INFO - Новая страница создана
2025-04-20T10:50:25.092Z - INFO - User-Agent установлен
2025-04-20T10:50:25.093Z - INFO - Начало процесса авторизации на Upwork
2025-04-20T10:50:26.792Z - ERROR - Ошибка в процессе авторизации: Navigating frame was detached
2025-04-20T10:50:26.793Z - ERROR - Не удалось войти в Upwork
2025-04-20T10:50:26.793Z - INFO - Закрытие браузера
2025-04-20T10:57:56.672Z - INFO - Запуск браузера Puppeteer
2025-04-20T10:57:57.205Z - INFO - Новая страница создана
2025-04-20T10:57:57.267Z - INFO - User-Agent установлен
2025-04-20T10:57:57.268Z - INFO - Начало процесса авторизации на Upwork
2025-04-20T10:58:05.820Z - INFO - Страница логина загружена
2025-04-20T10:58:05.821Z - INFO - Имитация человеческого поведения: случайные движения мыши и прокрутка
2025-04-20T10:58:05.842Z - INFO - Задержка после движения мыши
2025-04-20T10:58:06.360Z - INFO - Задержка после прокрутки
2025-04-20T10:58:07.394Z - INFO - Ввод логина
2025-04-20T10:58:10.013Z - ERROR - Ошибка в процессе авторизации: Node is either not clickable or not an Element
2025-04-20T10:58:10.013Z - ERROR - Не удалось войти в Upwork
2025-04-20T10:58:10.013Z - INFO - ⏳ Задержка перед закрытием браузера — финальная пауза
2025-04-20T10:58:40.024Z - INFO - Закрытие браузера
2025-04-20T11:00:38.919Z - INFO - Запуск браузера Puppeteer
2025-04-20T11:00:39.401Z - INFO - Новая страница создана
2025-04-20T11:00:39.403Z - INFO - User-Agent установлен
2025-04-20T11:00:39.405Z - INFO - Проверка наличия файла cookies: C:\Users\Mane\Desktop\Python\dash_freelance_monitor\parsers\guru_cookies.json
2025-04-20T11:00:39.406Z - WARN - Файл guru_cookies.json не найден, требуется ручная авторизация
2025-04-20T11:00:44.192Z - INFO - Имитация человеческого поведения: случайные движения мыши и прокрутка
2025-04-20T11:00:44.269Z - INFO - Задержка после движения мыши
2025-04-20T11:00:44.780Z - INFO - Задержка после прокрутки
2025-04-20T11:01:22.496Z - INFO - Запуск браузера Puppeteer
2025-04-20T11:01:22.984Z - INFO - Новая страница создана
2025-04-20T11:01:22.987Z - INFO - User-Agent установлен
2025-04-20T11:01:22.988Z - INFO - Начало процесса авторизации на Upwork
2025-04-20T11:01:31.449Z - INFO - Страница логина загружена
2025-04-20T11:01:31.450Z - INFO - Имитация человеческого поведения: случайные движения мыши и прокрутка
2025-04-20T11:01:31.562Z - INFO - Задержка после движения мыши
2025-04-20T11:01:32.082Z - INFO - Задержка после прокрутки
2025-04-20T11:01:33.095Z - INFO - Ввод логина
2025-04-20T11:01:45.630Z - ERROR - Ошибка в процессе авторизации: Waiting for selector `button[type=submit]` failed: Waiting failed: 10000ms exceeded
2025-04-20T11:01:45.632Z - ERROR - Не удалось войти в Upwork
2025-04-20T11:01:45.632Z - INFO - ⏳ Задержка перед закрытием браузера — финальная пауза
2025-04-20T11:04:02.546Z - INFO - Запуск браузера Puppeteer
2025-04-20T11:04:03.020Z - INFO - Новая страница создана
2025-04-20T11:04:03.022Z - INFO - User-Agent установлен
2025-04-20T11:04:03.023Z - INFO - Начало процесса авторизации на Upwork
2025-04-20T11:04:12.272Z - INFO - Страница логина загружена
2025-04-20T11:04:12.273Z - INFO - Имитация человеческого поведения: случайные движения мыши и прокрутка
2025-04-20T11:04:12.356Z - INFO - Задержка после движения мыши
2025-04-20T11:04:12.874Z - INFO - Задержка после прокрутки
2025-04-20T11:04:13.915Z - INFO - Ввод логина
2025-04-20T11:04:26.440Z - ERROR - Ошибка в процессе авторизации: Waiting for selector `button[type=submit]` failed: Waiting failed: 10000ms exceeded
2025-04-20T11:04:26.442Z - ERROR - Не удалось войти в Upwork
2025-04-20T11:04:26.443Z - INFO - ⏳ Задержка перед закрытием браузера — финальная пауза
2025-04-20T11:28:55.632Z - INFO - Запуск браузера Puppeteer
2025-04-20T11:28:56.111Z - INFO - Новая страница создана
2025-04-20T11:28:56.114Z - INFO - Начало процесса авторизации на Upwork
2025-04-20T11:29:03.929Z - INFO - Страница логина загружена
2025-04-20T11:29:03.931Z - INFO - Имитация человеческого поведения: случайные движения мыши и прокрутка
2025-04-20T11:29:03.960Z - INFO - Задержка после движения мыши
2025-04-20T11:29:04.468Z - INFO - Задержка после прокрутки
2025-04-20T11:29:05.505Z - INFO - Ввод логина
2025-04-20T11:29:08.143Z - INFO - Ожидание после нажатия Continue
2025-04-20T11:29:10.165Z - INFO - Ввод пароля
2025-04-20T11:29:11.428Z - ERROR - Ошибка в процессе авторизации: Node is either not clickable or not an Element
2025-04-20T11:29:11.428Z - ERROR - Не удалось войти в Upwork
2025-04-20T11:29:11.429Z - INFO - ⏳ Задержка перед закрытием браузера — финальная пауза
2025-04-20T11:31:03.294Z - INFO - Запуск браузера Puppeteer
2025-04-20T11:31:03.756Z - INFO - Новая страница создана
2025-04-20T11:31:03.758Z - INFO - Начало процесса авторизации на Upwork
2025-04-20T11:31:13.248Z - INFO - Страница логина загружена
2025-04-20T11:31:13.250Z - INFO - Имитация человеческого поведения: случайные движения мыши и прокрутка
2025-04-20T11:31:13.297Z - INFO - Задержка после движения мыши
2025-04-20T11:31:13.809Z - INFO - Задержка после прокрутки
2025-04-20T11:31:14.830Z - INFO - Ввод логина
2025-04-20T11:31:27.354Z - ERROR - Ошибка в процессе авторизации: Waiting for selector `#login_control_continue` failed: Waiting failed: 10000ms exceeded
2025-04-20T11:31:27.355Z - ERROR - Не удалось войти в Upwork
2025-04-20T11:31:27.355Z - INFO - ⏳ Задержка перед закрытием браузера — финальная пауза
2025-04-20T11:39:40.716Z - INFO - ✅ Cookies загружены
2025-04-20T11:39:40.718Z - INFO - 🔍 Переход по адресу: https://www.upwork.com/nx/jobs/search/?q=Pyth
2025-04-20T11:39:50.974Z - INFO - 🕒 Ожидание 60 секунд после загрузки страницы
2025-04-20T11:40:51.008Z - INFO - ⏳ Повторная попытка загрузки карточек 1
2025-04-20T11:40:56.034Z - INFO - ⏳ Повторная попытка загрузки карточек 2
2025-04-20T11:41:01.065Z - INFO - ⏳ Повторная попытка загрузки карточек 3
2025-04-20T11:41:06.078Z - INFO - ✅ Данные сохранены в results/upwork.json
2025-04-20T11:41:06.079Z - INFO - 🕒 Финальная задержка перед закрытием браузера
2025-04-20T11:48:47.876Z - INFO - ✅ Cookies загружены
2025-04-20T11:48:47.878Z - INFO - 🔍 Переход по адресу: https://www.upwork.com/nx/jobs/search/?q=Pyth
2025-04-20T11:48:57.366Z - INFO - 🕒 Ожидание 60 секунд после загрузки страницы
2025-04-20T11:49:57.450Z - INFO - ⏳ Повторная попытка загрузки карточек 1
2025-04-20T11:50:02.493Z - INFO - ⏳ Повторная попытка загрузки карточек 2
2025-04-20T11:50:07.503Z - INFO - ⏳ Повторная попытка загрузки карточек 3
2025-04-20T11:50:12.508Z - INFO - ✅ Данные сохранены в results/upwork.json
2025-04-20T11:50:12.508Z - INFO - 🕒 Финальная задержка перед закрытием браузера
2025-04-20T11:59:42.224Z - INFO - ✅ Cookies загружены
2025-04-20T11:59:42.227Z - INFO - 🔍 Переход по адресу: https://www.upwork.com/nx/jobs/search/?q=Python
2025-04-20T11:59:52.272Z - INFO - 🕒 Ожидание 2 минут на странице поиска
2025-04-20T12:01:52.313Z - INFO - ⏳ Повторная попытка загрузки карточек 1
2025-04-20T12:01:57.379Z - INFO - ⏳ Повторная попытка загрузки карточек 2
2025-04-20T12:02:02.405Z - INFO - ⏳ Повторная попытка загрузки карточек 3
2025-04-20T12:02:07.419Z - INFO - ✅ Данные сохранены в results/upwork.json
2025-04-20T12:02:07.422Z - INFO - 🕒 Финальная задержка перед закрытием браузера
2025-04-20T18:30:48.067Z - INFO - ✅ Cookies загружены
2025-04-20T18:30:48.068Z - INFO - 🔍 Переход по адресу: https://www.upwork.com/nx/jobs/search/?q=Python
2025-04-20T18:30:58.411Z - INFO - 🕒 Ожидание 2 минут на странице поиска
2025-04-20T18:32:58.462Z - INFO - ⏳ Повторная попытка загрузки карточек 1
2025-04-20T18:33:03.485Z - INFO - ⏳ Повторная попытка загрузки карточек 2
2025-04-20T18:33:08.512Z - INFO - ⏳ Повторная попытка загрузки карточек 3
2025-04-20T18:33:13.545Z - INFO - ✅ Данные сохранены в results/upwork.json
2025-04-20T18:33:13.545Z - INFO - 🕒 Финальная задержка перед закрытием браузера
2025-04-20T18:37:04.979Z - INFO - ✅ Cookies загружены
2025-04-20T18:37:04.981Z - INFO - 🔍 Переход по адресу: https://www.upwork.com/nx/jobs/search/?q=Python
2025-04-20T18:37:14.800Z - INFO - 🕒 Ожидание 2 минут на странице поиска
2025-04-20T18:39:14.849Z - INFO - ⏳ Повторная попытка загрузки карточек 1
2025-04-20T18:39:19.870Z - INFO - ⏳ Повторная попытка загрузки карточек 2
2025-04-20T18:39:24.887Z - INFO - ⏳ Повторная попытка загрузки карточек 3
2025-04-20T18:39:29.899Z - INFO - ✅ Данные сохранены в results/upwork.json
2025-04-20T18:39:29.901Z - INFO - 🕒 Финальная задержка перед закрытием браузера
2025-04-20T18:49:30.610Z - INFO - ✅ Cookies загружены
2025-04-20T18:49:30.612Z - INFO - 🔍 Переход по адресу: https://www.upwork.com/nx/jobs/search/?q=Python
2025-04-20T18:49:40.416Z - INFO - 🕒 Ожидание 2 минут на странице поиска
2025-04-20T18:51:40.454Z - INFO - ⏳ Повторная попытка загрузки карточек 1
2025-04-20T18:51:45.482Z - INFO - ⏳ Повторная попытка загрузки карточек 2
2025-04-20T18:51:50.511Z - INFO - ⏳ Повторная попытка загрузки карточек 3
2025-04-20T18:51:55.527Z - INFO - ✅ Данные сохранены в results/upwork.json
2025-04-20T18:51:55.527Z - INFO - 🕒 Финальная задержка перед закрытием браузера
2025-04-20T18:54:53.940Z - INFO - ✅ Cookies загружены
2025-04-20T18:54:53.942Z - INFO - 🔍 Переход по адресу: https://www.upwork.com/nx/jobs/search/?q=Python
2025-04-20T18:57:21.726Z - ERROR - Ошибка: jobs is not defined
2025-04-20T19:01:09.225Z - INFO - ✅ Cookies загружены
2025-04-20T19:01:09.226Z - INFO - 🔍 Переход по адресу: https://www.upwork.com/nx/jobs/search/?q=Python
2025-04-20T19:07:49.507Z - INFO - ✅ Cookies загружены
2025-04-20T19:07:49.509Z - INFO - 🔍 Открываем: https://www.upwork.com/nx/jobs/search/?q=Python
2025-04-20T19:07:58.917Z - INFO - 🕒 Ждём 2 минуты на подгрузку карточек
2025-04-20T19:09:58.964Z - INFO - ⏳ Повторная попытка #1
2025-04-20T19:10:03.981Z - INFO - ⏳ Повторная попытка #2
2025-04-20T19:10:09.003Z - INFO - ⏳ Повторная попытка #3
2025-04-20T19:10:14.010Z - INFO - Найдено ссылок: 0
2025-04-20T19:10:14.012Z - INFO - ✅ Результаты сохранены в C:\Users\Mane\Desktop\Python\dash_freelance_monitor\results\upwork.json
2025-04-20T19:10:14.013Z - INFO - 🕒 Финальная задержка перед закрытием браузера
2025-04-20T19:12:13.201Z - INFO - ✅ Cookies загружены
2025-04-20T19:12:13.202Z - INFO - 🔍 Открываем: https://www.upwork.com/nx/jobs/search/?q=Python
2025-04-20T19:12:27.587Z - INFO - 🕒 Ждём 2 минуты на подгрузку карточек
2025-04-20T19:14:27.639Z - INFO - Найдено вакансий: 3
2025-04-20T19:14:27.640Z - INFO - 📄 Открываем: https://www.upwork.com/jobs/span-class-highlight-Python-span-Developer-Needed-for-FastAPI-Application-Fixes_~021914032328336879899/?referrer_url_path=/nx/search/jobs/
2025-04-20T19:14:30.441Z - INFO - 🕒 Ждём 60 сек для AI‑парсинга
2025-04-20T19:15:30.616Z - INFO - ❌ Пропущено ($60.00 < 100)
2025-04-20T19:15:30.616Z - INFO - 📄 Открываем: https://www.upwork.com/jobs/Bot-automate-gym-pass-registration-process_~021914025607015247585/?referrer_url_path=/nx/search/jobs/
2025-04-20T19:15:32.134Z - INFO - 🕒 Ждём 60 сек для AI‑парсинга
2025-04-20T19:16:32.278Z - INFO - ❌ Пропущено (— < 100)
2025-04-20T19:16:32.279Z - INFO - 📄 Открываем: https://www.upwork.com/jobs/Gmail-Task-Automation-System-Development_~021914032226018067083/?referrer_url_path=/nx/search/jobs/
2025-04-20T19:16:33.659Z - INFO - 🕒 Ждём 60 сек для AI‑парсинга
2025-04-20T19:17:33.784Z - INFO - ✅ Добавлено: Gmail Task Automation System Development — $500.00
2025-04-20T19:17:33.786Z - INFO - ✅ Результаты сохранены в C:\Users\Mane\Desktop\Python\dash_freelance_monitor\results\upwork.json
2025-04-20T19:17:33.789Z - INFO - 🕒 Финальная задержка перед закрытием браузера
2025-04-20T19:18:05.968Z - INFO - 🔒 Браузер закрыт
2025-04-20T19:21:54.592Z - INFO - ✅ Cookies загружены
2025-04-20T19:21:54.594Z - INFO - 🔍 Открываем: https://www.upwork.com/nx/jobs/search/?q=Python
2025-04-20T19:22:04.780Z - INFO - 🕒 Ждём 2 минуты на подгрузку карточек
2025-04-20T19:24:04.825Z - INFO - Найдено вакансий: 3
2025-04-20T19:24:04.825Z - INFO - 📄 Открываем: https://www.upwork.com/jobs/span-class-highlight-Pythonic-span-website-for-application_~021914034547074597515/?referrer_url_path=/nx/search/jobs/
2025-04-20T19:24:06.756Z - INFO - 🕒 Ждём 60 сек для AI‑парсинга
2025-04-20T19:25:06.929Z - INFO - 💾 Сохранено: Pythonic website for application — $70 total spent (70 < 100)
2025-04-20T19:25:06.930Z - INFO - 📄 Открываем: https://www.upwork.com/jobs/span-class-highlight-Python-span-Developer-Needed-for-FastAPI-Application-Fixes_~021914032328336879899/?referrer_url_path=/nx/search/jobs/
2025-04-20T19:25:08.766Z - INFO - 🕒 Ждём 60 сек для AI‑парсинга
2025-04-20T19:26:08.963Z - INFO - 💾 Сохранено: Python Developer Needed for FastAPI Application Fixes — $60.00 (60 < 100)
2025-04-20T19:26:08.964Z - INFO - 📄 Открываем: https://www.upwork.com/jobs/Build-Machine-Learning-Model-Predict-Car-Prices-Web-Scraped-Dataset_~021914035295438057185/?referrer_url_path=/nx/search/jobs/
2025-04-20T19:26:10.687Z - INFO - 🕒 Ждём 60 сек для AI‑парсинга
2025-04-20T19:27:10.937Z - INFO - 💾 Сохранено: Build a Machine Learning Model to Predict Car Prices (Web-Scraped Dataset) — $5.00 (5 < 100)
2025-04-20T19:27:10.939Z - INFO - ✅ Результаты сохранены в C:\Users\Mane\Desktop\Python\dash_freelance_monitor\results\upwork.json
2025-04-20T19:27:10.941Z - INFO - 🕒 Финальная задержка перед закрытием браузера
2025-04-20T19:27:43.357Z - INFO - 🔒 Браузер закрыт
2025-04-24T12:13:08.274Z - INFO - 🚀 Запуск Puppeteer для Upwork
2025-04-24T12:13:09.395Z - INFO - 🌐 Переход на: https://www.upwork.com/nx/jobs/search/?q=python
2025-04-24T12:13:15.371Z - ERROR - ❌ Ошибка: Navigating frame was detached
2025-04-24T12:13:15.373Z - INFO - 📴 Закрытие браузера
